Using pre-set license
Built from '2020.3/release' branch; Version is '2020.3.12f1 (b3b2c6512326) revision 11776710'; Using compiler version '192528614'; Build Type 'Release'
OS: 'Windows 10 Education; OS build 19044.1586; Version 2009; 64bit' Language: 'en' Physical Memory: 8071 MB
BatchMode: 1, IsHumanControllingUs: 0, StartBugReporterOnCrash: 0, Is64bit: 1, IsPro: 0

 COMMAND LINE ARGUMENTS:
C:\Program Files\Unity\Hub\Editor\2020.3.12f1\Editor\Unity.exe
-adb2
-batchMode
-noUpm
-name
AssetImportWorker0
-projectPath
C:/Users/Ernestas/Jumpy TilesRllCurrent
-logFile
Logs/AssetImportWorker0.log
-srvPort
59828
Successfully changed project path to: C:/Users/Ernestas/Jumpy TilesRllCurrent
C:/Users/Ernestas/Jumpy TilesRllCurrent
Using Asset Import Pipeline V2.
Refreshing native plugins compatible for Editor in 27.35 ms, found 2 plugins.
Preloading 0 native plugins for Editor in 0.00 ms.
Initialize engine version: 2020.3.12f1 (b3b2c6512326)
[Subsystems] Discovering subsystems at path C:/Program Files/Unity/Hub/Editor/2020.3.12f1/Editor/Data/Resources/UnitySubsystems
[Subsystems] Discovering subsystems at path C:/Users/Ernestas/Jumpy TilesRllCurrent/Assets
GfxDevice: creating device client; threaded=0
Direct3D:
    Version:  Direct3D 11.0 [level 11.1]
    Renderer: NVIDIA GeForce GTX 1650 (ID=0x1f91)
    Vendor:   
    VRAM:     3962 MB
    Driver:   27.21.14.5749
Initialize mono
Mono path[0] = 'C:/Program Files/Unity/Hub/Editor/2020.3.12f1/Editor/Data/Managed'
Mono path[1] = 'C:/Program Files/Unity/Hub/Editor/2020.3.12f1/Editor/Data/MonoBleedingEdge/lib/mono/unityjit'
Mono config path = 'C:/Program Files/Unity/Hub/Editor/2020.3.12f1/Editor/Data/MonoBleedingEdge/etc'
Using monoOptions --debugger-agent=transport=dt_socket,embedding=1,server=y,suspend=n,address=127.0.0.1:56244
Begin MonoManager ReloadAssembly
Registering precompiled unity dll's ...
Register platform support module: C:/Program Files/Unity/Hub/Editor/2020.3.12f1/Editor/Data/PlaybackEngines/WebGLSupport/UnityEditor.WebGL.Extensions.dll
Register platform support module: C:/Program Files/Unity/Hub/Editor/2020.3.12f1/Editor/Data/PlaybackEngines/WindowsStandaloneSupport/UnityEditor.WindowsStandalone.Extensions.dll
Registered in 0.001918 seconds.
Native extension for WindowsStandalone target not found
Native extension for WebGL target not found
Refreshing native plugins compatible for Editor in 26.13 ms, found 2 plugins.
Preloading 0 native plugins for Editor in 0.00 ms.
Mono: successfully reloaded assembly
- Completed reload, in  0.981 seconds
Platform modules already initialized, skipping
Registering precompiled user dll's ...
Registered in 0.003950 seconds.
Begin MonoManager ReloadAssembly
Native extension for WindowsStandalone target not found
Native extension for WebGL target not found
Refreshing native plugins compatible for Editor in 0.33 ms, found 2 plugins.
Preloading 0 native plugins for Editor in 0.00 ms.
Mono: successfully reloaded assembly
- Completed reload, in  0.890 seconds
Platform modules already initialized, skipping
========================================================================
Worker process is ready to serve import requests
Launched and connected shader compiler UnityShaderCompiler.exe after 0.04 seconds
Refreshing native plugins compatible for Editor in 0.31 ms, found 2 plugins.
Preloading 0 native plugins for Editor in 0.00 ms.
Unloading 1569 Unused Serialized files (Serialized files now loaded: 0)
System memory in use before: 71.1 MB.
System memory in use after: 71.2 MB.

Unloading 21 unused Assets to reduce memory usage. Loaded Objects now: 2002.
Total: 1.676100 ms (FindLiveObjects: 0.132000 ms CreateObjectMapping: 0.042600 ms MarkObjects: 1.451700 ms  DeleteObjects: 0.049000 ms)

AssetImportParameters requested are different than current active one (requested -> active):
  custom:framework-win-MediaFoundation: 216162199b28c13a410421893ffa2e32 -> 
  custom:video-decoder-ogg-theora: a1e56fd34408186e4bbccfd4996cb3dc -> 
  custom:container-muxer-webm: aa71ff27fc2769a1b78a27578f13a17b -> 
  custom:container-demuxer-webm: 4f35f7cbe854078d1ac9338744f61a02 -> 
  custom:container-demuxer-ogg: 62fdf1f143b41e24485cea50d1cbac27 -> 
  custom:video-encoder-webm-vp8: eb34c28f22e8b96e1ab97ce403110664 -> 
  custom:video-decoder-webm-vp8: 9c59270c3fd7afecdb556c50c9e8de78 -> 
  custom:audio-decoder-ogg-vorbis: bf7c407c2cedff20999df2af8eb42d56 -> 
  custom:audio-encoder-webm-vorbis: bf7c407c2cedff20999df2af8eb42d56 -> 
========================================================================
Received Import Request.
  path: Assets/KillOnTriggerEnter.cs
  artifactKey: Guid(75d414d20759b94428a0fcab5d77a7ec) Importer(815301076,1909f56bfc062723c751e8b465ee728b)
Start importing Assets/KillOnTriggerEnter.cs using Guid(75d414d20759b94428a0fcab5d77a7ec) Importer(815301076,1909f56bfc062723c751e8b465ee728b)  -> (artifact id: '401545953ced8aa9e69991780844e552') in 0.031718 seconds 
  Import took 0.033733 seconds .

========================================================================
Received Prepare
Registering precompiled user dll's ...
Registered in 0.003478 seconds.
Begin MonoManager ReloadAssembly
Native extension for WindowsStandalone target not found
Native extension for WebGL target not found
Refreshing native plugins compatible for Editor in 0.31 ms, found 2 plugins.
Preloading 0 native plugins for Editor in 0.00 ms.
Mono: successfully reloaded assembly
- Completed reload, in  0.853 seconds
Platform modules already initialized, skipping
Refreshing native plugins compatible for Editor in 0.34 ms, found 2 plugins.
Preloading 0 native plugins for Editor in 0.00 ms.
Unloading 1561 Unused Serialized files (Serialized files now loaded: 0)
System memory in use before: 70.8 MB.
System memory in use after: 70.9 MB.

Unloading 16 unused Assets to reduce memory usage. Loaded Objects now: 2005.
Total: 1.799200 ms (FindLiveObjects: 0.123800 ms CreateObjectMapping: 0.041800 ms MarkObjects: 1.620100 ms  DeleteObjects: 0.012800 ms)

AssetImportParameters requested are different than current active one (requested -> active):
  custom:framework-win-MediaFoundation: 216162199b28c13a410421893ffa2e32 -> 
  custom:video-decoder-ogg-theora: a1e56fd34408186e4bbccfd4996cb3dc -> 
  custom:container-muxer-webm: aa71ff27fc2769a1b78a27578f13a17b -> 
  custom:container-demuxer-webm: 4f35f7cbe854078d1ac9338744f61a02 -> 
  custom:container-demuxer-ogg: 62fdf1f143b41e24485cea50d1cbac27 -> 
  custom:video-encoder-webm-vp8: eb34c28f22e8b96e1ab97ce403110664 -> 
  custom:video-decoder-webm-vp8: 9c59270c3fd7afecdb556c50c9e8de78 -> 
  custom:audio-decoder-ogg-vorbis: bf7c407c2cedff20999df2af8eb42d56 -> 
  custom:audio-encoder-webm-vorbis: bf7c407c2cedff20999df2af8eb42d56 -> 
========================================================================
Received Import Request.
  Time since last request: 15.538589 seconds.
  path: Assets/GameManager.cs
  artifactKey: Guid(6797158141a4c95418fb0c1afe170a91) Importer(815301076,1909f56bfc062723c751e8b465ee728b)
Start importing Assets/GameManager.cs using Guid(6797158141a4c95418fb0c1afe170a91) Importer(815301076,1909f56bfc062723c751e8b465ee728b)  -> (artifact id: '58b9d6cdde016599e638939d08358416') in 0.003076 seconds 
  Import took 0.005347 seconds .

========================================================================
Received Import Request.
  Time since last request: 0.000977 seconds.
  path: Assets/GameManager.cs
  artifactKey: Guid(6797158141a4c95418fb0c1afe170a91) Importer(815301076,1909f56bfc062723c751e8b465ee728b)
Start importing Assets/GameManager.cs using Guid(6797158141a4c95418fb0c1afe170a91) Importer(815301076,1909f56bfc062723c751e8b465ee728b)  -> (artifact id: '58b9d6cdde016599e638939d08358416') in 0.001014 seconds 
  Import took 0.002750 seconds .

========================================================================
Received Prepare
Registering precompiled user dll's ...
Registered in 0.003598 seconds.
Begin MonoManager ReloadAssembly
Native extension for WindowsStandalone target not found
Native extension for WebGL target not found
Refreshing native plugins compatible for Editor in 0.33 ms, found 2 plugins.
Preloading 0 native plugins for Editor in 0.00 ms.
Mono: successfully reloaded assembly
- Completed reload, in  0.825 seconds
Platform modules already initialized, skipping
Refreshing native plugins compatible for Editor in 0.32 ms, found 2 plugins.
Preloading 0 native plugins for Editor in 0.00 ms.
Unloading 1561 Unused Serialized files (Serialized files now loaded: 0)
System memory in use before: 70.8 MB.
System memory in use after: 70.9 MB.

Unloading 16 unused Assets to reduce memory usage. Loaded Objects now: 2008.
Total: 1.799000 ms (FindLiveObjects: 0.130800 ms CreateObjectMapping: 0.042900 ms MarkObjects: 1.611700 ms  DeleteObjects: 0.012900 ms)

AssetImportParameters requested are different than current active one (requested -> active):
  custom:framework-win-MediaFoundation: 216162199b28c13a410421893ffa2e32 -> 
  custom:video-decoder-ogg-theora: a1e56fd34408186e4bbccfd4996cb3dc -> 
  custom:container-muxer-webm: aa71ff27fc2769a1b78a27578f13a17b -> 
  custom:container-demuxer-webm: 4f35f7cbe854078d1ac9338744f61a02 -> 
  custom:container-demuxer-ogg: 62fdf1f143b41e24485cea50d1cbac27 -> 
  custom:video-encoder-webm-vp8: eb34c28f22e8b96e1ab97ce403110664 -> 
  custom:video-decoder-webm-vp8: 9c59270c3fd7afecdb556c50c9e8de78 -> 
  custom:audio-decoder-ogg-vorbis: bf7c407c2cedff20999df2af8eb42d56 -> 
  custom:audio-encoder-webm-vorbis: bf7c407c2cedff20999df2af8eb42d56 -> 
========================================================================
Received Prepare
Registering precompiled user dll's ...
Registered in 0.003385 seconds.
Begin MonoManager ReloadAssembly
Native extension for WindowsStandalone target not found
Native extension for WebGL target not found
Refreshing native plugins compatible for Editor in 0.31 ms, found 2 plugins.
Preloading 0 native plugins for Editor in 0.00 ms.
Mono: successfully reloaded assembly
- Completed reload, in  0.818 seconds
Platform modules already initialized, skipping
Refreshing native plugins compatible for Editor in 0.32 ms, found 2 plugins.
Preloading 0 native plugins for Editor in 0.00 ms.
Unloading 1561 Unused Serialized files (Serialized files now loaded: 0)
System memory in use before: 70.8 MB.
System memory in use after: 71.0 MB.

Unloading 16 unused Assets to reduce memory usage. Loaded Objects now: 2011.
Total: 1.874500 ms (FindLiveObjects: 0.144200 ms CreateObjectMapping: 0.039700 ms MarkObjects: 1.676700 ms  DeleteObjects: 0.013100 ms)

AssetImportParameters requested are different than current active one (requested -> active):
  custom:framework-win-MediaFoundation: 216162199b28c13a410421893ffa2e32 -> 
  custom:video-decoder-ogg-theora: a1e56fd34408186e4bbccfd4996cb3dc -> 
  custom:container-muxer-webm: aa71ff27fc2769a1b78a27578f13a17b -> 
  custom:container-demuxer-webm: 4f35f7cbe854078d1ac9338744f61a02 -> 
  custom:container-demuxer-ogg: 62fdf1f143b41e24485cea50d1cbac27 -> 
  custom:video-encoder-webm-vp8: eb34c28f22e8b96e1ab97ce403110664 -> 
  custom:video-decoder-webm-vp8: 9c59270c3fd7afecdb556c50c9e8de78 -> 
  custom:audio-decoder-ogg-vorbis: bf7c407c2cedff20999df2af8eb42d56 -> 
  custom:audio-encoder-webm-vorbis: bf7c407c2cedff20999df2af8eb42d56 -> 
========================================================================
Received Import Request.
  Time since last request: 76.323845 seconds.
  path: Assets/Models
  artifactKey: Guid(85f4636196bc4b24fa297a8df1fd72ff) Importer(815301076,1909f56bfc062723c751e8b465ee728b)
Start importing Assets/Models using Guid(85f4636196bc4b24fa297a8df1fd72ff) Importer(815301076,1909f56bfc062723c751e8b465ee728b)  -> (artifact id: 'b891ca87a506cc57ecb33e7a89794d52') in 0.006292 seconds 
  Import took 0.010596 seconds .

========================================================================
Received Import Request.
  Time since last request: 0.004336 seconds.
  path: Assets/Models
  artifactKey: Guid(85f4636196bc4b24fa297a8df1fd72ff) Importer(815301076,1909f56bfc062723c751e8b465ee728b)
Start importing Assets/Models using Guid(85f4636196bc4b24fa297a8df1fd72ff) Importer(815301076,1909f56bfc062723c751e8b465ee728b)  -> (artifact id: 'b891ca87a506cc57ecb33e7a89794d52') in 0.001166 seconds 
  Import took 0.003323 seconds .

========================================================================
Received Import Request.
  Time since last request: 0.089068 seconds.
  path: Assets/Models/button.obj
  artifactKey: Guid(99863f30b3c6359498d50d87ffda1c56) Importer(815301076,1909f56bfc062723c751e8b465ee728b)
Start importing Assets/Models/button.obj using Guid(99863f30b3c6359498d50d87ffda1c56) Importer(815301076,1909f56bfc062723c751e8b465ee728b)  -> (artifact id: '1919726b834f1a6049715c5d648cc1ab') in 0.144914 seconds 
  Import took 0.147375 seconds .

========================================================================
Received Import Request.
  Time since last request: 0.000279 seconds.
  path: Assets/Models/cat2.png
  artifactKey: Guid(93e209f37d5e0ed489355fc0293cc7e2) Importer(815301076,1909f56bfc062723c751e8b465ee728b)
Start importing Assets/Models/cat2.png using Guid(93e209f37d5e0ed489355fc0293cc7e2) Importer(815301076,1909f56bfc062723c751e8b465ee728b)  -> (artifact id: '3bf864e19c51a2192865f0939c1248c9') in 0.027029 seconds 
  Import took 0.029024 seconds .

========================================================================
Received Import Request.
  Time since last request: 0.000288 seconds.
  path: Assets/Models/dog1.png
  artifactKey: Guid(17c26c5bcd495ff4fab452dc68b69971) Importer(815301076,1909f56bfc062723c751e8b465ee728b)
Start importing Assets/Models/dog1.png using Guid(17c26c5bcd495ff4fab452dc68b69971) Importer(815301076,1909f56bfc062723c751e8b465ee728b)  -> (artifact id: '9680b315324e6eadae6574166b388542') in 0.003439 seconds 
  Import took 0.005380 seconds .

========================================================================
Received Import Request.
  Time since last request: 0.000322 seconds.
  path: Assets/Models/buttonplace.png
  artifactKey: Guid(c39e81cf85083e444a1b1d9a6d6c2bdd) Importer(815301076,1909f56bfc062723c751e8b465ee728b)
Start importing Assets/Models/buttonplace.png using Guid(c39e81cf85083e444a1b1d9a6d6c2bdd) Importer(815301076,1909f56bfc062723c751e8b465ee728b)  -> (artifact id: 'f5116f335ab2f7be383c189e9be6c9fb') in 0.006270 seconds 
  Import took 0.009200 seconds .

========================================================================
Received Import Request.
  Time since last request: 0.000271 seconds.
  path: Assets/Models/Coin2.png
  artifactKey: Guid(ba36f46492758f946a22ae55747c413f) Importer(815301076,1909f56bfc062723c751e8b465ee728b)
Start importing Assets/Models/Coin2.png using Guid(ba36f46492758f946a22ae55747c413f) Importer(815301076,1909f56bfc062723c751e8b465ee728b)  -> (artifact id: '1fdcbb5853d867926a0b9cdadbd52aa8') in 0.004428 seconds 
  Import took 0.006906 seconds .

========================================================================
Received Import Request.
  Time since last request: 0.000260 seconds.
  path: Assets/Models/crackedgrass.png
  artifactKey: Guid(6b268bdcb4ae0424cb19a704deb965c5) Importer(815301076,1909f56bfc062723c751e8b465ee728b)
Start importing Assets/Models/crackedgrass.png using Guid(6b268bdcb4ae0424cb19a704deb965c5) Importer(815301076,1909f56bfc062723c751e8b465ee728b)  -> (artifact id: '78e8a2a02f0948dc6a0ae022a16e246b') in 0.004560 seconds 
  Import took 0.006772 seconds .

========================================================================
Received Import Request.
  Time since last request: 0.000252 seconds.
  path: Assets/Models/fence.png
  artifactKey: Guid(aac912c95e45a844d91eb9d405461ec2) Importer(815301076,1909f56bfc062723c751e8b465ee728b)
Start importing Assets/Models/fence.png using Guid(aac912c95e45a844d91eb9d405461ec2) Importer(815301076,1909f56bfc062723c751e8b465ee728b)  -> (artifact id: 'fc386d64b1d63eb2c9c00f64313e0eb1') in 0.003295 seconds 
  Import took 0.005830 seconds .

========================================================================
Received Import Request.
  Time since last request: 0.000251 seconds.
  path: Assets/Models/crackedgrass.obj
  artifactKey: Guid(1caac203883c2fe4a8e59f437c9262f0) Importer(815301076,1909f56bfc062723c751e8b465ee728b)
Start importing Assets/Models/crackedgrass.obj using Guid(1caac203883c2fe4a8e59f437c9262f0) Importer(815301076,1909f56bfc062723c751e8b465ee728b)  -> (artifact id: '9a12fe96ac4f8f74ecc9c17c9d64fa04') in 0.017166 seconds 
  Import took 0.019906 seconds .

========================================================================
Received Import Request.
  Time since last request: 0.000262 seconds.
  path: Assets/Models/buttonplace.obj
  artifactKey: Guid(33d1cb9245d899343a5e11b63c34f97b) Importer(815301076,1909f56bfc062723c751e8b465ee728b)
Start importing Assets/Models/buttonplace.obj using Guid(33d1cb9245d899343a5e11b63c34f97b) Importer(815301076,1909f56bfc062723c751e8b465ee728b)  -> (artifact id: '11b29082756a850181a8d01416474f39') in 0.015422 seconds 
  Import took 0.020314 seconds .

========================================================================
Received Import Request.
  Time since last request: 0.000374 seconds.
  path: Assets/Models/goldenchest.obj
  artifactKey: Guid(e4cd448adec188249aa425fa27f4b049) Importer(815301076,1909f56bfc062723c751e8b465ee728b)
Start importing Assets/Models/goldenchest.obj using Guid(e4cd448adec188249aa425fa27f4b049) Importer(815301076,1909f56bfc062723c751e8b465ee728b)  -> (artifact id: '60b8d91513d1b310d9e6e88b90f6ac18') in 0.016473 seconds 
  Import took 0.019529 seconds .

========================================================================
Received Import Request.
  Time since last request: 0.000316 seconds.
  path: Assets/Models/fence.obj
  artifactKey: Guid(de550b07a61c8f74090c3cc2b063925e) Importer(815301076,1909f56bfc062723c751e8b465ee728b)
Start importing Assets/Models/fence.obj using Guid(de550b07a61c8f74090c3cc2b063925e) Importer(815301076,1909f56bfc062723c751e8b465ee728b)  -> (artifact id: '01489dd5907ff699add064b91193a3f6') in 0.016757 seconds 
  Import took 0.019406 seconds .

========================================================================
Received Import Request.
  Time since last request: 0.000280 seconds.
  path: Assets/Models/dog1.obj
  artifactKey: Guid(18f3a30d25c49b94f98caaea9095a3cc) Importer(815301076,1909f56bfc062723c751e8b465ee728b)
Start importing Assets/Models/dog1.obj using Guid(18f3a30d25c49b94f98caaea9095a3cc) Importer(815301076,1909f56bfc062723c751e8b465ee728b)  -> (artifact id: 'bf078cdb17a8557ac9d8616f2833f58e') in 0.017880 seconds 
  Import took 0.020520 seconds .

========================================================================
Received Import Request.
  Time since last request: 0.000249 seconds.
  path: Assets/Models/button.png
  artifactKey: Guid(f51b8725ff40010468338a1bd2762c0f) Importer(815301076,1909f56bfc062723c751e8b465ee728b)
Start importing Assets/Models/button.png using Guid(f51b8725ff40010468338a1bd2762c0f) Importer(815301076,1909f56bfc062723c751e8b465ee728b)  -> (artifact id: '035fe8153ef41a0eaa74168c911c7a19') in 0.004655 seconds 
  Import took 0.007262 seconds .

========================================================================
Received Import Request.
  Time since last request: 0.000268 seconds.
  path: Assets/Models/cat2.obj
  artifactKey: Guid(cf9c418e788ca7a4db6ee094e494f245) Importer(815301076,1909f56bfc062723c751e8b465ee728b)
Start importing Assets/Models/cat2.obj using Guid(cf9c418e788ca7a4db6ee094e494f245) Importer(815301076,1909f56bfc062723c751e8b465ee728b)  -> (artifact id: 'b50887ccdff9b7773a7a04c8fc9fc4b8') in 0.017703 seconds 
  Import took 0.020408 seconds .

========================================================================
Received Import Request.
  Time since last request: 0.000212 seconds.
  path: Assets/Models/Coin2d.png
  artifactKey: Guid(cd8207c32bffa144c8f225547f4fcdc3) Importer(815301076,1909f56bfc062723c751e8b465ee728b)
Start importing Assets/Models/Coin2d.png using Guid(cd8207c32bffa144c8f225547f4fcdc3) Importer(815301076,1909f56bfc062723c751e8b465ee728b)  -> (artifact id: 'ccd32b7b06e930f1fe2eb74b50c46a9a') in 0.018177 seconds 
  Import took 0.020433 seconds .

========================================================================
Received Import Request.
  Time since last request: 0.000182 seconds.
  path: Assets/Models/Coin2.obj
  artifactKey: Guid(93d2e17f50a06d244a22f27bdafb3dda) Importer(815301076,1909f56bfc062723c751e8b465ee728b)
Start importing Assets/Models/Coin2.obj using Guid(93d2e17f50a06d244a22f27bdafb3dda) Importer(815301076,1909f56bfc062723c751e8b465ee728b)  -> (artifact id: 'e19d7dadeefd207911e78f6254776fee') in 0.016632 seconds 
  Import took 0.019370 seconds .

========================================================================
Received Import Request.
  Time since last request: 0.647811 seconds.
  path: Assets/Models/goldenchest.png
  artifactKey: Guid(f7d8e6432f0f3e64887114cf8b9279c9) Importer(815301076,1909f56bfc062723c751e8b465ee728b)
Start importing Assets/Models/goldenchest.png using Guid(f7d8e6432f0f3e64887114cf8b9279c9) Importer(815301076,1909f56bfc062723c751e8b465ee728b)  -> (artifact id: 'a087927a5f8dde8c733e36d80a9d5c15') in 0.004873 seconds 
  Import took 0.007483 seconds .

========================================================================
Received Import Request.
  Time since last request: 0.000273 seconds.
  path: Assets/Models/Honey.obj
  artifactKey: Guid(252232f9c592f8f4cb4e921216c66a63) Importer(815301076,1909f56bfc062723c751e8b465ee728b)
Start importing Assets/Models/Honey.obj using Guid(252232f9c592f8f4cb4e921216c66a63) Importer(815301076,1909f56bfc062723c751e8b465ee728b)  -> (artifact id: '8bbe70f25d3e2b10d0a3c01d463f03a2') in 0.017184 seconds 
  Import took 0.020091 seconds .

========================================================================
Received Import Request.
  Time since last request: 0.000338 seconds.
  path: Assets/Models/grassblock.obj
  artifactKey: Guid(a7f0c08e22c6a3841b857d1a9e541985) Importer(815301076,1909f56bfc062723c751e8b465ee728b)
Start importing Assets/Models/grassblock.obj using Guid(a7f0c08e22c6a3841b857d1a9e541985) Importer(815301076,1909f56bfc062723c751e8b465ee728b)  -> (artifact id: '4e8571fb921196d1e3e21c33dfca06e7') in 0.018465 seconds 
  Import took 0.021418 seconds .

========================================================================
Received Import Request.
  Time since last request: 0.000271 seconds.
  path: Assets/Models/rudolf.obj
  artifactKey: Guid(f8b46b13d06e59743b374e3da63b2bc4) Importer(815301076,1909f56bfc062723c751e8b465ee728b)
Start importing Assets/Models/rudolf.obj using Guid(f8b46b13d06e59743b374e3da63b2bc4) Importer(815301076,1909f56bfc062723c751e8b465ee728b)  -> (artifact id: 'e539291d29a8274b90f4218ab18d9ccf') in 0.021850 seconds 
  Import took 0.024306 seconds .

========================================================================
Received Import Request.
  Time since last request: 0.000233 seconds.
  path: Assets/Models/movingplatform.png
  artifactKey: Guid(7a82a0326e94a03419cbba439bda2855) Importer(815301076,1909f56bfc062723c751e8b465ee728b)
Start importing Assets/Models/movingplatform.png using Guid(7a82a0326e94a03419cbba439bda2855) Importer(815301076,1909f56bfc062723c751e8b465ee728b)  -> (artifact id: '05e05a39761280395851ca5e52bb7a07') in 0.004048 seconds 
  Import took 0.006525 seconds .

========================================================================
Received Import Request.
  Time since last request: 0.000256 seconds.
  path: Assets/Models/rudolf.png
  artifactKey: Guid(dc8665db7fc88a3459ef372afc54f46c) Importer(815301076,1909f56bfc062723c751e8b465ee728b)
Start importing Assets/Models/rudolf.png using Guid(dc8665db7fc88a3459ef372afc54f46c) Importer(815301076,1909f56bfc062723c751e8b465ee728b)  -> (artifact id: '4e5ce96f1a9d2574ebb2a515df9fe47e') in 0.003606 seconds 
  Import took 0.007438 seconds .

========================================================================
Received Import Request.
  Time since last request: 0.000247 seconds.
  path: Assets/Models/silverchest.obj
  artifactKey: Guid(aeefa73f6f8b96347a15efe7af3464a5) Importer(815301076,1909f56bfc062723c751e8b465ee728b)
Start importing Assets/Models/silverchest.obj using Guid(aeefa73f6f8b96347a15efe7af3464a5) Importer(815301076,1909f56bfc062723c751e8b465ee728b)  -> (artifact id: 'f42a230311124eaa7aff1e4faed6d1ca') in 0.016774 seconds 
  Import took 0.019720 seconds .

========================================================================
Received Import Request.
  Time since last request: 0.000368 seconds.
  path: Assets/Models/NewCoin.obj
  artifactKey: Guid(ba982975f3b57a1439bca900dd5e3d4d) Importer(815301076,1909f56bfc062723c751e8b465ee728b)
Start importing Assets/Models/NewCoin.obj using Guid(ba982975f3b57a1439bca900dd5e3d4d) Importer(815301076,1909f56bfc062723c751e8b465ee728b)  -> (artifact id: 'adf3a3e596e55d9b66b5fa4d02fcba25') in 0.018096 seconds 
  Import took 0.020956 seconds .

========================================================================
Received Import Request.
  Time since last request: 0.000344 seconds.
  path: Assets/Models/Honey.png
  artifactKey: Guid(a53b589da7b30f5479847b76c9de5c52) Importer(815301076,1909f56bfc062723c751e8b465ee728b)
Start importing Assets/Models/Honey.png using Guid(a53b589da7b30f5479847b76c9de5c52) Importer(815301076,1909f56bfc062723c751e8b465ee728b)  -> (artifact id: 'f9c26fa7d85fa0ec1ee3c504105f93ab') in 0.003800 seconds 
  Import took 0.007370 seconds .

========================================================================
Received Import Request.
  Time since last request: 0.000263 seconds.
  path: Assets/Models/movingplatform.obj
  artifactKey: Guid(4b3648dbef7f18a46b28d17c0c1bded5) Importer(815301076,1909f56bfc062723c751e8b465ee728b)
Start importing Assets/Models/movingplatform.obj using Guid(4b3648dbef7f18a46b28d17c0c1bded5) Importer(815301076,1909f56bfc062723c751e8b465ee728b)  -> (artifact id: 'e0738f4c9b35a4cb391629afc0f6e720') in 0.017341 seconds 
  Import took 0.019870 seconds .

========================================================================
Received Import Request.
  Time since last request: 0.000276 seconds.
  path: Assets/Models/grassblock.png
  artifactKey: Guid(0498debfa6f87df4f9ee0a22984bf37a) Importer(815301076,1909f56bfc062723c751e8b465ee728b)
Start importing Assets/Models/grassblock.png using Guid(0498debfa6f87df4f9ee0a22984bf37a) Importer(815301076,1909f56bfc062723c751e8b465ee728b)  -> (artifact id: '0859ba3b8ed7f95559e04090c31e236c') in 0.003416 seconds 
  Import took 0.006021 seconds .

========================================================================
Received Import Request.
  Time since last request: 0.000488 seconds.
  path: Assets/Models/NewCoin.png
  artifactKey: Guid(e6c5b4472ca7bfb4caccb733e28d7ba0) Importer(815301076,1909f56bfc062723c751e8b465ee728b)
Start importing Assets/Models/NewCoin.png using Guid(e6c5b4472ca7bfb4caccb733e28d7ba0) Importer(815301076,1909f56bfc062723c751e8b465ee728b)  -> (artifact id: '6de487848242b4a6fc97da560ea95d57') in 0.005079 seconds 
  Import took 0.007578 seconds .

========================================================================
Received Import Request.
  Time since last request: 53.432074 seconds.
  path: Assets/Parts/Part 6.1 Rotated.prefab
  artifactKey: Guid(dfb886042f6ba8347bb1fbe4ba3bc732) Importer(815301076,1909f56bfc062723c751e8b465ee728b)
Start importing Assets/Parts/Part 6.1 Rotated.prefab using Guid(dfb886042f6ba8347bb1fbe4ba3bc732) Importer(815301076,1909f56bfc062723c751e8b465ee728b)  -> (artifact id: '9b3bf391709d7ac12ef7ac97b8ed05b9') in 0.029244 seconds 
  Import took 0.032185 seconds .

========================================================================
Received Import Request.
  Time since last request: 0.000233 seconds.
  path: Assets/Parts/Part 11.1.prefab
  artifactKey: Guid(45300da11d7ce8d4ab2c660584e8841a) Importer(815301076,1909f56bfc062723c751e8b465ee728b)
Start importing Assets/Parts/Part 11.1.prefab using Guid(45300da11d7ce8d4ab2c660584e8841a) Importer(815301076,1909f56bfc062723c751e8b465ee728b)  -> (artifact id: '85240de757ac088c61f1b1f2575a9977') in 0.029780 seconds 
  Import took 0.032765 seconds .

========================================================================
Received Import Request.
  Time since last request: 0.000290 seconds.
  path: Assets/Parts/Part 6.1.prefab
  artifactKey: Guid(cc9097ff94e3a984692cecf0015c80a5) Importer(815301076,1909f56bfc062723c751e8b465ee728b)
Start importing Assets/Parts/Part 6.1.prefab using Guid(cc9097ff94e3a984692cecf0015c80a5) Importer(815301076,1909f56bfc062723c751e8b465ee728b)  -> (artifact id: '38f7f306d9376daa1592d6e25be1a5a8') in 0.019253 seconds 
  Import took 0.022036 seconds .

========================================================================
Received Import Request.
  Time since last request: 0.000954 seconds.
  path: Assets/Parts/Part 6.1.prefab
  artifactKey: Guid(cc9097ff94e3a984692cecf0015c80a5) Importer(815301076,1909f56bfc062723c751e8b465ee728b)
Start importing Assets/Parts/Part 6.1.prefab using Guid(cc9097ff94e3a984692cecf0015c80a5) Importer(815301076,1909f56bfc062723c751e8b465ee728b)  -> (artifact id: '38f7f306d9376daa1592d6e25be1a5a8') in 0.019652 seconds 
  Import took 0.022649 seconds .

========================================================================
Received Import Request.
  Time since last request: 395.741104 seconds.
  path: Assets/Animations
  artifactKey: Guid(0c83df80eac71c44288cd9e12517bd2b) Importer(815301076,1909f56bfc062723c751e8b465ee728b)
Start importing Assets/Animations using Guid(0c83df80eac71c44288cd9e12517bd2b) Importer(815301076,1909f56bfc062723c751e8b465ee728b)  -> (artifact id: '716fd3ff8c9e8df399ab16214480a1a4') in 0.002171 seconds 
  Import took 0.006630 seconds .

========================================================================
Received Import Request.
  Time since last request: 2.601333 seconds.
  path: Assets/Materials
  artifactKey: Guid(a2125b6a1adce0345833291d5a0b2f1c) Importer(815301076,1909f56bfc062723c751e8b465ee728b)
Start importing Assets/Materials using Guid(a2125b6a1adce0345833291d5a0b2f1c) Importer(815301076,1909f56bfc062723c751e8b465ee728b)  -> (artifact id: 'd7750c97c942bd57712d58468280467e') in 0.002408 seconds 
  Import took 0.005722 seconds .

========================================================================
Received Import Request.
  Time since last request: 0.044271 seconds.
  path: Assets/Materials/BlackMat.mat
  artifactKey: Guid(d8bd21eba284ac04ea0daf4146942232) Importer(815301076,1909f56bfc062723c751e8b465ee728b)
Start importing Assets/Materials/BlackMat.mat using Guid(d8bd21eba284ac04ea0daf4146942232) Importer(815301076,1909f56bfc062723c751e8b465ee728b)  -> (artifact id: '41965d2ec5cdc057b4f9065d726f142d') in 0.023341 seconds 
  Import took 0.025638 seconds .

========================================================================
Received Import Request.
  Time since last request: 0.000285 seconds.
  path: Assets/Materials/Button.mat
  artifactKey: Guid(b32fd37bff13c954682adc511a8f1a59) Importer(815301076,1909f56bfc062723c751e8b465ee728b)
Start importing Assets/Materials/Button.mat using Guid(b32fd37bff13c954682adc511a8f1a59) Importer(815301076,1909f56bfc062723c751e8b465ee728b)  -> (artifact id: '9796cdb64ad0f09b0241f619a951dd45') in 0.007759 seconds 
  Import took 0.009919 seconds .

========================================================================
Received Import Request.
  Time since last request: 0.000263 seconds.
  path: Assets/Materials/TeleporterEnd.mat
  artifactKey: Guid(f30ef5aec4889554aaf95669c171ce3f) Importer(815301076,1909f56bfc062723c751e8b465ee728b)
Start importing Assets/Materials/TeleporterEnd.mat using Guid(f30ef5aec4889554aaf95669c171ce3f) Importer(815301076,1909f56bfc062723c751e8b465ee728b)  -> (artifact id: '5def83f81cb2bb59c78bdd0f583b0cee') in 0.013524 seconds 
  Import took 0.016293 seconds .

========================================================================
Received Import Request.
  Time since last request: 0.000268 seconds.
  path: Assets/Materials/Grass.mat
  artifactKey: Guid(d7e5780da1fd0b14c9d36965ffb6877f) Importer(815301076,1909f56bfc062723c751e8b465ee728b)
Start importing Assets/Materials/Grass.mat using Guid(d7e5780da1fd0b14c9d36965ffb6877f) Importer(815301076,1909f56bfc062723c751e8b465ee728b)  -> (artifact id: 'c7ce4052096a31b4cc1ca5ec0014ce08') in 0.005314 seconds 
  Import took 0.008338 seconds .

========================================================================
Received Import Request.
  Time since last request: 0.000303 seconds.
  path: Assets/Materials/Spikes.mat
  artifactKey: Guid(4319f0de6fdcab447b0103581c86f694) Importer(815301076,1909f56bfc062723c751e8b465ee728b)
Start importing Assets/Materials/Spikes.mat using Guid(4319f0de6fdcab447b0103581c86f694) Importer(815301076,1909f56bfc062723c751e8b465ee728b)  -> (artifact id: '3ed7afd9547d9f41add2d48ebd4caf57') in 0.006914 seconds 
  Import took 0.010589 seconds .

========================================================================
Received Import Request.
  Time since last request: 0.000297 seconds.
  path: Assets/Materials/Player.mat
  artifactKey: Guid(79e41384d942af84da4f0784a239796a) Importer(815301076,1909f56bfc062723c751e8b465ee728b)
Start importing Assets/Materials/Player.mat using Guid(79e41384d942af84da4f0784a239796a) Importer(815301076,1909f56bfc062723c751e8b465ee728b)  -> (artifact id: '0659d19cd76edf2ef4df1ce76bd9325a') in 0.008243 seconds 
  Import took 0.010845 seconds .

========================================================================
Received Import Request.
  Time since last request: 0.000261 seconds.
  path: Assets/Materials/TeleporterStart.mat
  artifactKey: Guid(857d9971094f79c489eb592e32cf9094) Importer(815301076,1909f56bfc062723c751e8b465ee728b)
Start importing Assets/Materials/TeleporterStart.mat using Guid(857d9971094f79c489eb592e32cf9094) Importer(815301076,1909f56bfc062723c751e8b465ee728b)  -> (artifact id: '74bddffffe3286e7ac0341a6e8a09867') in 0.006587 seconds 
  Import took 0.009112 seconds .

========================================================================
Received Import Request.
  Time since last request: 0.000293 seconds.
  path: Assets/Materials/Dark Grass.mat
  artifactKey: Guid(70fd7def635ad3c4cb210fafc75e1557) Importer(815301076,1909f56bfc062723c751e8b465ee728b)
Start importing Assets/Materials/Dark Grass.mat using Guid(70fd7def635ad3c4cb210fafc75e1557) Importer(815301076,1909f56bfc062723c751e8b465ee728b)  -> (artifact id: '603215593ee5146232c8086b707063e7') in 0.008156 seconds 
  Import took 0.010496 seconds .

========================================================================
Received Import Request.
  Time since last request: 0.000267 seconds.
  path: Assets/Materials/Coin2d.mat
  artifactKey: Guid(81db348ab58be144eb295de9d869c240) Importer(815301076,1909f56bfc062723c751e8b465ee728b)
Start importing Assets/Materials/Coin2d.mat using Guid(81db348ab58be144eb295de9d869c240) Importer(815301076,1909f56bfc062723c751e8b465ee728b)  -> (artifact id: 'a0f355d096eab9e13a62dad6132b62c0') in 0.006107 seconds 
  Import took 0.009789 seconds .

========================================================================
Received Import Request.
  Time since last request: 0.000487 seconds.
  path: Assets/Materials/ButtonPlace.mat
  artifactKey: Guid(3238cc45a0b629040b23191abcd7dad9) Importer(815301076,1909f56bfc062723c751e8b465ee728b)
Start importing Assets/Materials/ButtonPlace.mat using Guid(3238cc45a0b629040b23191abcd7dad9) Importer(815301076,1909f56bfc062723c751e8b465ee728b)  -> (artifact id: '1821dacf8fc9d751c8ab1fd920a38e8d') in 0.007861 seconds 
  Import took 0.010307 seconds .

========================================================================
Received Import Request.
  Time since last request: 0.000209 seconds.
  path: Assets/Materials/Obstacle.mat
  artifactKey: Guid(097a0ea776887504a9942a20bb86eae1) Importer(815301076,1909f56bfc062723c751e8b465ee728b)
Start importing Assets/Materials/Obstacle.mat using Guid(097a0ea776887504a9942a20bb86eae1) Importer(815301076,1909f56bfc062723c751e8b465ee728b)  -> (artifact id: '85f4cf998f661c5c4ba478bd36e1fccb') in 0.007484 seconds 
  Import took 0.010176 seconds .

========================================================================
Received Import Request.
  Time since last request: 5.244054 seconds.
  path: Assets/Models/silverchest.png
  artifactKey: Guid(09db862f1e1bb8b4093620e1eecda7be) Importer(815301076,1909f56bfc062723c751e8b465ee728b)
Start importing Assets/Models/silverchest.png using Guid(09db862f1e1bb8b4093620e1eecda7be) Importer(815301076,1909f56bfc062723c751e8b465ee728b)  -> (artifact id: 'a0879fb4309b49a8a190cf3a046d0af1') in 0.005104 seconds 
  Import took 0.007888 seconds .

========================================================================
Received Import Request.
  Time since last request: 0.000241 seconds.
  path: Assets/Models/teleporter.obj
  artifactKey: Guid(c02dd3f58baed9e4d9509834af7400ec) Importer(815301076,1909f56bfc062723c751e8b465ee728b)
Start importing Assets/Models/teleporter.obj using Guid(c02dd3f58baed9e4d9509834af7400ec) Importer(815301076,1909f56bfc062723c751e8b465ee728b)  -> (artifact id: '1497db9f2a3796a174328623b2733fe8') in 0.032599 seconds 
  Import took 0.035551 seconds .

========================================================================
Received Import Request.
  Time since last request: 0.000360 seconds.
  path: Assets/Models/spikes.obj
  artifactKey: Guid(7280a9efef6e4ce4cb7e9dd425bfe7b0) Importer(815301076,1909f56bfc062723c751e8b465ee728b)
Start importing Assets/Models/spikes.obj using Guid(7280a9efef6e4ce4cb7e9dd425bfe7b0) Importer(815301076,1909f56bfc062723c751e8b465ee728b)  -> (artifact id: 'e782920ed75f0f620af9d02d5cedd422') in 0.021693 seconds 
  Import took 0.025581 seconds .

========================================================================
Received Import Request.
  Time since last request: 0.000375 seconds.
  path: Assets/Models/spikes.png
  artifactKey: Guid(04a46990c44fe904ba883754afc8b143) Importer(815301076,1909f56bfc062723c751e8b465ee728b)
Start importing Assets/Models/spikes.png using Guid(04a46990c44fe904ba883754afc8b143) Importer(815301076,1909f56bfc062723c751e8b465ee728b)  -> (artifact id: '29e3147b5ff9d6bb505f9a8e9cfddf3c') in 0.004453 seconds 
  Import took 0.007472 seconds .

========================================================================
Received Import Request.
  Time since last request: 0.000257 seconds.
  path: Assets/Models/spikesinside.png
  artifactKey: Guid(ac99c8510a329074495676386facd964) Importer(815301076,1909f56bfc062723c751e8b465ee728b)
Start importing Assets/Models/spikesinside.png using Guid(ac99c8510a329074495676386facd964) Importer(815301076,1909f56bfc062723c751e8b465ee728b)  -> (artifact id: '1a7921da136ff056295401856e524005') in 0.004260 seconds 
  Import took 0.006398 seconds .

========================================================================
Received Import Request.
  Time since last request: 0.000281 seconds.
  path: Assets/Models/teleporter.png
  artifactKey: Guid(1794939c23afcaa4bbccb26c96ae2b76) Importer(815301076,1909f56bfc062723c751e8b465ee728b)
Start importing Assets/Models/teleporter.png using Guid(1794939c23afcaa4bbccb26c96ae2b76) Importer(815301076,1909f56bfc062723c751e8b465ee728b)  -> (artifact id: '2b26fb7505ea25c731ffd149c5ea68a0') in 0.003829 seconds 
  Import took 0.006229 seconds .

========================================================================
Received Import Request.
  Time since last request: 0.000205 seconds.
  path: Assets/Models/whale1.png
  artifactKey: Guid(133627f52d6851849a3788c123e4e9d2) Importer(815301076,1909f56bfc062723c751e8b465ee728b)
Start importing Assets/Models/whale1.png using Guid(133627f52d6851849a3788c123e4e9d2) Importer(815301076,1909f56bfc062723c751e8b465ee728b)  -> (artifact id: '1b02ea986bcc251e5bc988e8d407ee4c') in 0.004042 seconds 
  Import took 0.006944 seconds .

========================================================================
Received Import Request.
  Time since last request: 0.000547 seconds.
  path: Assets/Models/unicorn1.png
  artifactKey: Guid(c897bfd71bd2270438ec1dda3c50855e) Importer(815301076,1909f56bfc062723c751e8b465ee728b)
Start importing Assets/Models/unicorn1.png using Guid(c897bfd71bd2270438ec1dda3c50855e) Importer(815301076,1909f56bfc062723c751e8b465ee728b)  -> (artifact id: '120e69feb851117a744284b1d9ab0ff5') in 0.003501 seconds 
  Import took 0.006304 seconds .

========================================================================
Received Import Request.
  Time since last request: 0.000270 seconds.
  path: Assets/Models/unicorn1.obj
  artifactKey: Guid(dd84657598393bc429b14d93975bbac0) Importer(815301076,1909f56bfc062723c751e8b465ee728b)
Start importing Assets/Models/unicorn1.obj using Guid(dd84657598393bc429b14d93975bbac0) Importer(815301076,1909f56bfc062723c751e8b465ee728b)  -> (artifact id: '0630cb461a40c9d4c89c12c5a581e322') in 0.017862 seconds 
  Import took 0.020104 seconds .

========================================================================
Received Import Request.
  Time since last request: 0.000203 seconds.
  path: Assets/Models/wooddenchest.png
  artifactKey: Guid(2e69e512b3d9a8f4da04e6c8cb932ba6) Importer(815301076,1909f56bfc062723c751e8b465ee728b)
Start importing Assets/Models/wooddenchest.png using Guid(2e69e512b3d9a8f4da04e6c8cb932ba6) Importer(815301076,1909f56bfc062723c751e8b465ee728b)  -> (artifact id: '61109d737d14a426a01855ef4d500b27') in 0.003267 seconds 
  Import took 0.006737 seconds .

========================================================================
Received Import Request.
  Time since last request: 0.000511 seconds.
  path: Assets/Models/spikesinside.obj
  artifactKey: Guid(13cc162573db7b44798c7ef112f79c58) Importer(815301076,1909f56bfc062723c751e8b465ee728b)
Start importing Assets/Models/spikesinside.obj using Guid(13cc162573db7b44798c7ef112f79c58) Importer(815301076,1909f56bfc062723c751e8b465ee728b)  -> (artifact id: 'd8d463a063e3d46e9b02f59cdbd8f54d') in 0.017001 seconds 
  Import took 0.020313 seconds .

========================================================================
Received Import Request.
  Time since last request: 0.000254 seconds.
  path: Assets/Models/whale1.obj
  artifactKey: Guid(6b96e2cbfdcc1a945887f66ac6ac90ed) Importer(815301076,1909f56bfc062723c751e8b465ee728b)
Start importing Assets/Models/whale1.obj using Guid(6b96e2cbfdcc1a945887f66ac6ac90ed) Importer(815301076,1909f56bfc062723c751e8b465ee728b)  -> (artifact id: '8f5107ec2bc8ea3c53261a365f03c9b9') in 0.017222 seconds 
  Import took 0.020947 seconds .

========================================================================
Received Import Request.
  Time since last request: 0.000270 seconds.
  path: Assets/Models/wooddenchest.obj
  artifactKey: Guid(86fcaa848212fc349aba6a45b687e96a) Importer(815301076,1909f56bfc062723c751e8b465ee728b)
Start importing Assets/Models/wooddenchest.obj using Guid(86fcaa848212fc349aba6a45b687e96a) Importer(815301076,1909f56bfc062723c751e8b465ee728b)  -> (artifact id: 'd80cebf73ca29ff201bd96f3fb88fa15') in 0.016833 seconds 
  Import took 0.019645 seconds .

========================================================================
Received Import Request.
  Time since last request: 57.629219 seconds.
  path: Assets/Scripts/SkinPickerScript.cs
  artifactKey: Guid(f9e5dd9dd117cff44aadcdaf6ccf1f87) Importer(815301076,1909f56bfc062723c751e8b465ee728b)
Start importing Assets/Scripts/SkinPickerScript.cs using Guid(f9e5dd9dd117cff44aadcdaf6ccf1f87) Importer(815301076,1909f56bfc062723c751e8b465ee728b)  -> (artifact id: 'b2b883f1e57728535bab8f4ad82a5a0a') in 0.001269 seconds 
  Import took 0.003741 seconds .

========================================================================
Received Import Request.
  Time since last request: 0.002090 seconds.
  path: Assets/Scripts/SkinPickerScript.cs
  artifactKey: Guid(f9e5dd9dd117cff44aadcdaf6ccf1f87) Importer(815301076,1909f56bfc062723c751e8b465ee728b)
Start importing Assets/Scripts/SkinPickerScript.cs using Guid(f9e5dd9dd117cff44aadcdaf6ccf1f87) Importer(815301076,1909f56bfc062723c751e8b465ee728b)  -> (artifact id: 'b2b883f1e57728535bab8f4ad82a5a0a') in 0.001312 seconds 
  Import took 0.003245 seconds .

========================================================================
Received Import Request.
  Time since last request: 88.740235 seconds.
  path: Assets/Scenes/SampleScene
  artifactKey: Guid(108ebe953e03f28419b105d56de6ce3e) Importer(815301076,1909f56bfc062723c751e8b465ee728b)
Start importing Assets/Scenes/SampleScene using Guid(108ebe953e03f28419b105d56de6ce3e) Importer(815301076,1909f56bfc062723c751e8b465ee728b)  -> (artifact id: 'd417793c66d95585951fda67a4ae9d33') in 0.001876 seconds 
  Import took 0.004793 seconds .

========================================================================
Received Prepare
Registering precompiled user dll's ...
Registered in 0.004637 seconds.
Begin MonoManager ReloadAssembly
Native extension for WindowsStandalone target not found
Native extension for WebGL target not found
Refreshing native plugins compatible for Editor in 0.31 ms, found 2 plugins.
Preloading 0 native plugins for Editor in 0.00 ms.
Mono: successfully reloaded assembly
- Completed reload, in  0.860 seconds
Platform modules already initialized, skipping
Refreshing native plugins compatible for Editor in 0.63 ms, found 2 plugins.
Preloading 0 native plugins for Editor in 0.00 ms.
Unloading 1561 Unused Serialized files (Serialized files now loaded: 0)
System memory in use before: 74.5 MB.
System memory in use after: 74.6 MB.

Unloading 16 unused Assets to reduce memory usage. Loaded Objects now: 2061.
Total: 2.039300 ms (FindLiveObjects: 0.258400 ms CreateObjectMapping: 0.065800 ms MarkObjects: 1.673800 ms  DeleteObjects: 0.017300 ms)

AssetImportParameters requested are different than current active one (requested -> active):
  custom:framework-win-MediaFoundation: 216162199b28c13a410421893ffa2e32 -> 
  custom:video-decoder-ogg-theora: a1e56fd34408186e4bbccfd4996cb3dc -> 
  custom:container-muxer-webm: aa71ff27fc2769a1b78a27578f13a17b -> 
  custom:container-demuxer-webm: 4f35f7cbe854078d1ac9338744f61a02 -> 
  custom:container-demuxer-ogg: 62fdf1f143b41e24485cea50d1cbac27 -> 
  custom:video-encoder-webm-vp8: eb34c28f22e8b96e1ab97ce403110664 -> 
  custom:video-decoder-webm-vp8: 9c59270c3fd7afecdb556c50c9e8de78 -> 
  custom:audio-decoder-ogg-vorbis: bf7c407c2cedff20999df2af8eb42d56 -> 
  custom:audio-encoder-webm-vorbis: bf7c407c2cedff20999df2af8eb42d56 -> 
========================================================================
Received Prepare
Registering precompiled user dll's ...
Registered in 0.004881 seconds.
Begin MonoManager ReloadAssembly
Native extension for WindowsStandalone target not found
Native extension for WebGL target not found
Refreshing native plugins compatible for Editor in 0.31 ms, found 2 plugins.
Preloading 0 native plugins for Editor in 0.00 ms.
Mono: successfully reloaded assembly
- Completed reload, in  0.893 seconds
Platform modules already initialized, skipping
Refreshing native plugins compatible for Editor in 0.33 ms, found 2 plugins.
Preloading 0 native plugins for Editor in 0.00 ms.
Unloading 1561 Unused Serialized files (Serialized files now loaded: 0)
System memory in use before: 74.5 MB.
System memory in use after: 74.6 MB.

Unloading 16 unused Assets to reduce memory usage. Loaded Objects now: 2064.
Total: 1.975100 ms (FindLiveObjects: 0.187200 ms CreateObjectMapping: 0.050500 ms MarkObjects: 1.720300 ms  DeleteObjects: 0.016100 ms)

AssetImportParameters requested are different than current active one (requested -> active):
  custom:framework-win-MediaFoundation: 216162199b28c13a410421893ffa2e32 -> 
  custom:video-decoder-ogg-theora: a1e56fd34408186e4bbccfd4996cb3dc -> 
  custom:container-muxer-webm: aa71ff27fc2769a1b78a27578f13a17b -> 
  custom:container-demuxer-webm: 4f35f7cbe854078d1ac9338744f61a02 -> 
  custom:container-demuxer-ogg: 62fdf1f143b41e24485cea50d1cbac27 -> 
  custom:video-encoder-webm-vp8: eb34c28f22e8b96e1ab97ce403110664 -> 
  custom:video-decoder-webm-vp8: 9c59270c3fd7afecdb556c50c9e8de78 -> 
  custom:audio-decoder-ogg-vorbis: bf7c407c2cedff20999df2af8eb42d56 -> 
  custom:audio-encoder-webm-vorbis: bf7c407c2cedff20999df2af8eb42d56 -> 
========================================================================
Received Import Request.
  Time since last request: 118.825479 seconds.
  path: Assets/Scripts/KillOnTriggerEnter.cs
  artifactKey: Guid(75d414d20759b94428a0fcab5d77a7ec) Importer(815301076,1909f56bfc062723c751e8b465ee728b)
Start importing Assets/Scripts/KillOnTriggerEnter.cs using Guid(75d414d20759b94428a0fcab5d77a7ec) Importer(815301076,1909f56bfc062723c751e8b465ee728b)  -> (artifact id: '39219e398548aec4c95c8d28cb4d40ce') in 0.003525 seconds 
  Import took 0.005652 seconds .

========================================================================
Received Import Request.
  Time since last request: 1.328336 seconds.
  path: Assets/Scripts/KillOnTriggerEnter.cs
  artifactKey: Guid(75d414d20759b94428a0fcab5d77a7ec) Importer(815301076,1909f56bfc062723c751e8b465ee728b)
Start importing Assets/Scripts/KillOnTriggerEnter.cs using Guid(75d414d20759b94428a0fcab5d77a7ec) Importer(815301076,1909f56bfc062723c751e8b465ee728b)  -> (artifact id: '39219e398548aec4c95c8d28cb4d40ce') in 0.001437 seconds 
  Import took 0.003613 seconds .

========================================================================
Received Prepare
Registering precompiled user dll's ...
Registered in 0.004336 seconds.
Begin MonoManager ReloadAssembly
Native extension for WindowsStandalone target not found
Native extension for WebGL target not found
Refreshing native plugins compatible for Editor in 0.31 ms, found 2 plugins.
Preloading 0 native plugins for Editor in 0.00 ms.
Mono: successfully reloaded assembly
- Completed reload, in  0.845 seconds
Platform modules already initialized, skipping
Refreshing native plugins compatible for Editor in 0.32 ms, found 2 plugins.
Preloading 0 native plugins for Editor in 0.00 ms.
Unloading 1561 Unused Serialized files (Serialized files now loaded: 0)
System memory in use before: 74.5 MB.
System memory in use after: 74.6 MB.

Unloading 16 unused Assets to reduce memory usage. Loaded Objects now: 2067.
Total: 1.780400 ms (FindLiveObjects: 0.152000 ms CreateObjectMapping: 0.046300 ms MarkObjects: 1.568800 ms  DeleteObjects: 0.012600 ms)

AssetImportParameters requested are different than current active one (requested -> active):
  custom:framework-win-MediaFoundation: 216162199b28c13a410421893ffa2e32 -> 
  custom:video-decoder-ogg-theora: a1e56fd34408186e4bbccfd4996cb3dc -> 
  custom:container-muxer-webm: aa71ff27fc2769a1b78a27578f13a17b -> 
  custom:container-demuxer-webm: 4f35f7cbe854078d1ac9338744f61a02 -> 
  custom:container-demuxer-ogg: 62fdf1f143b41e24485cea50d1cbac27 -> 
  custom:video-encoder-webm-vp8: eb34c28f22e8b96e1ab97ce403110664 -> 
  custom:video-decoder-webm-vp8: 9c59270c3fd7afecdb556c50c9e8de78 -> 
  custom:audio-decoder-ogg-vorbis: bf7c407c2cedff20999df2af8eb42d56 -> 
  custom:audio-encoder-webm-vorbis: bf7c407c2cedff20999df2af8eb42d56 -> 
========================================================================
Received Prepare
Registering precompiled user dll's ...
Registered in 0.006497 seconds.
Begin MonoManager ReloadAssembly
Native extension for WindowsStandalone target not found
Native extension for WebGL target not found
Refreshing native plugins compatible for Editor in 0.41 ms, found 2 plugins.
Preloading 0 native plugins for Editor in 0.00 ms.
Mono: successfully reloaded assembly
- Completed reload, in  1.314 seconds
Platform modules already initialized, skipping
Refreshing native plugins compatible for Editor in 0.41 ms, found 2 plugins.
Preloading 0 native plugins for Editor in 0.00 ms.
Unloading 1561 Unused Serialized files (Serialized files now loaded: 0)
System memory in use before: 74.5 MB.
System memory in use after: 74.6 MB.

Unloading 16 unused Assets to reduce memory usage. Loaded Objects now: 2070.
Total: 2.329800 ms (FindLiveObjects: 0.185700 ms CreateObjectMapping: 0.065700 ms MarkObjects: 2.054700 ms  DeleteObjects: 0.022600 ms)

AssetImportParameters requested are different than current active one (requested -> active):
  custom:framework-win-MediaFoundation: 216162199b28c13a410421893ffa2e32 -> 
  custom:video-decoder-ogg-theora: a1e56fd34408186e4bbccfd4996cb3dc -> 
  custom:container-muxer-webm: aa71ff27fc2769a1b78a27578f13a17b -> 
  custom:container-demuxer-webm: 4f35f7cbe854078d1ac9338744f61a02 -> 
  custom:container-demuxer-ogg: 62fdf1f143b41e24485cea50d1cbac27 -> 
  custom:video-encoder-webm-vp8: eb34c28f22e8b96e1ab97ce403110664 -> 
  custom:video-decoder-webm-vp8: 9c59270c3fd7afecdb556c50c9e8de78 -> 
  custom:audio-decoder-ogg-vorbis: bf7c407c2cedff20999df2af8eb42d56 -> 
  custom:audio-encoder-webm-vorbis: bf7c407c2cedff20999df2af8eb42d56 -> 
========================================================================
Received Prepare
Registering precompiled user dll's ...
Registered in 0.016886 seconds.
Begin MonoManager ReloadAssembly
Native extension for WindowsStandalone target not found
Native extension for WebGL target not found
Refreshing native plugins compatible for Editor in 1.42 ms, found 2 plugins.
Preloading 0 native plugins for Editor in 0.00 ms.
Mono: successfully reloaded assembly
- Completed reload, in  1.641 seconds
Platform modules already initialized, skipping
Refreshing native plugins compatible for Editor in 0.42 ms, found 2 plugins.
Preloading 0 native plugins for Editor in 0.00 ms.
Unloading 1561 Unused Serialized files (Serialized files now loaded: 0)
System memory in use before: 74.5 MB.
System memory in use after: 74.6 MB.

Unloading 16 unused Assets to reduce memory usage. Loaded Objects now: 2073.
Total: 2.856200 ms (FindLiveObjects: 0.348700 ms CreateObjectMapping: 0.083600 ms MarkObjects: 2.397000 ms  DeleteObjects: 0.024200 ms)

AssetImportParameters requested are different than current active one (requested -> active):
  custom:framework-win-MediaFoundation: 216162199b28c13a410421893ffa2e32 -> 
  custom:video-decoder-ogg-theora: a1e56fd34408186e4bbccfd4996cb3dc -> 
  custom:container-muxer-webm: aa71ff27fc2769a1b78a27578f13a17b -> 
  custom:container-demuxer-webm: 4f35f7cbe854078d1ac9338744f61a02 -> 
  custom:container-demuxer-ogg: 62fdf1f143b41e24485cea50d1cbac27 -> 
  custom:video-encoder-webm-vp8: eb34c28f22e8b96e1ab97ce403110664 -> 
  custom:video-decoder-webm-vp8: 9c59270c3fd7afecdb556c50c9e8de78 -> 
  custom:audio-decoder-ogg-vorbis: bf7c407c2cedff20999df2af8eb42d56 -> 
  custom:audio-encoder-webm-vorbis: bf7c407c2cedff20999df2af8eb42d56 -> 
========================================================================
Received Prepare
Registering precompiled user dll's ...
Registered in 0.003891 seconds.
Begin MonoManager ReloadAssembly
Native extension for WindowsStandalone target not found
Native extension for WebGL target not found
Refreshing native plugins compatible for Editor in 0.32 ms, found 2 plugins.
Preloading 0 native plugins for Editor in 0.00 ms.
Mono: successfully reloaded assembly
- Completed reload, in  0.969 seconds
Platform modules already initialized, skipping
Refreshing native plugins compatible for Editor in 0.55 ms, found 2 plugins.
Preloading 0 native plugins for Editor in 0.00 ms.
Unloading 1561 Unused Serialized files (Serialized files now loaded: 0)
System memory in use before: 74.5 MB.
System memory in use after: 74.6 MB.

Unloading 16 unused Assets to reduce memory usage. Loaded Objects now: 2076.
Total: 1.983100 ms (FindLiveObjects: 0.185200 ms CreateObjectMapping: 0.045100 ms MarkObjects: 1.736300 ms  DeleteObjects: 0.015400 ms)

AssetImportParameters requested are different than current active one (requested -> active):
  custom:framework-win-MediaFoundation: 216162199b28c13a410421893ffa2e32 -> 
  custom:video-decoder-ogg-theora: a1e56fd34408186e4bbccfd4996cb3dc -> 
  custom:container-muxer-webm: aa71ff27fc2769a1b78a27578f13a17b -> 
  custom:container-demuxer-webm: 4f35f7cbe854078d1ac9338744f61a02 -> 
  custom:container-demuxer-ogg: 62fdf1f143b41e24485cea50d1cbac27 -> 
  custom:video-encoder-webm-vp8: eb34c28f22e8b96e1ab97ce403110664 -> 
  custom:video-decoder-webm-vp8: 9c59270c3fd7afecdb556c50c9e8de78 -> 
  custom:audio-decoder-ogg-vorbis: bf7c407c2cedff20999df2af8eb42d56 -> 
  custom:audio-encoder-webm-vorbis: bf7c407c2cedff20999df2af8eb42d56 -> 
========================================================================
Received Prepare
Registering precompiled user dll's ...
Registered in 0.006701 seconds.
Begin MonoManager ReloadAssembly
Native extension for WindowsStandalone target not found
Native extension for WebGL target not found
Refreshing native plugins compatible for Editor in 0.31 ms, found 2 plugins.
Preloading 0 native plugins for Editor in 0.00 ms.
Mono: successfully reloaded assembly
- Completed reload, in  0.892 seconds
Platform modules already initialized, skipping
Refreshing native plugins compatible for Editor in 0.36 ms, found 2 plugins.
Preloading 0 native plugins for Editor in 0.00 ms.
Unloading 1561 Unused Serialized files (Serialized files now loaded: 0)
System memory in use before: 74.5 MB.
System memory in use after: 74.6 MB.

Unloading 16 unused Assets to reduce memory usage. Loaded Objects now: 2079.
Total: 1.746600 ms (FindLiveObjects: 0.171800 ms CreateObjectMapping: 0.047300 ms MarkObjects: 1.511600 ms  DeleteObjects: 0.015300 ms)

AssetImportParameters requested are different than current active one (requested -> active):
  custom:framework-win-MediaFoundation: 216162199b28c13a410421893ffa2e32 -> 
  custom:video-decoder-ogg-theora: a1e56fd34408186e4bbccfd4996cb3dc -> 
  custom:container-muxer-webm: aa71ff27fc2769a1b78a27578f13a17b -> 
  custom:container-demuxer-webm: 4f35f7cbe854078d1ac9338744f61a02 -> 
  custom:container-demuxer-ogg: 62fdf1f143b41e24485cea50d1cbac27 -> 
  custom:video-encoder-webm-vp8: eb34c28f22e8b96e1ab97ce403110664 -> 
  custom:video-decoder-webm-vp8: 9c59270c3fd7afecdb556c50c9e8de78 -> 
  custom:audio-decoder-ogg-vorbis: bf7c407c2cedff20999df2af8eb42d56 -> 
  custom:audio-encoder-webm-vorbis: bf7c407c2cedff20999df2af8eb42d56 -> 
========================================================================
Received Import Request.
  Time since last request: 3232.979226 seconds.
  path: Assets/Scenes/GameScene.unity
  artifactKey: Guid(9fc0d4010bbf28b4594072e72b8655ab) Importer(815301076,1909f56bfc062723c751e8b465ee728b)
Start importing Assets/Scenes/GameScene.unity using Guid(9fc0d4010bbf28b4594072e72b8655ab) Importer(815301076,1909f56bfc062723c751e8b465ee728b)  -> (artifact id: 'df339bb489d957d8103371eecb176d72') in 0.058762 seconds 
  Import took 0.062411 seconds .

========================================================================
Received Prepare
Registering precompiled user dll's ...
Registered in 0.005362 seconds.
Begin MonoManager ReloadAssembly
Native extension for WindowsStandalone target not found
Native extension for WebGL target not found
Refreshing native plugins compatible for Editor in 0.90 ms, found 2 plugins.
Preloading 0 native plugins for Editor in 0.00 ms.
Mono: successfully reloaded assembly
- Completed reload, in  1.152 seconds
Platform modules already initialized, skipping
Refreshing native plugins compatible for Editor in 0.56 ms, found 2 plugins.
Preloading 0 native plugins for Editor in 0.00 ms.
Unloading 1561 Unused Serialized files (Serialized files now loaded: 0)
System memory in use before: 74.5 MB.
System memory in use after: 74.6 MB.

Unloading 16 unused Assets to reduce memory usage. Loaded Objects now: 2082.
Total: 2.496500 ms (FindLiveObjects: 0.198400 ms CreateObjectMapping: 0.049700 ms MarkObjects: 2.177800 ms  DeleteObjects: 0.069400 ms)

AssetImportParameters requested are different than current active one (requested -> active):
  custom:framework-win-MediaFoundation: 216162199b28c13a410421893ffa2e32 -> 
  custom:video-decoder-ogg-theora: a1e56fd34408186e4bbccfd4996cb3dc -> 
  custom:container-muxer-webm: aa71ff27fc2769a1b78a27578f13a17b -> 
  custom:container-demuxer-webm: 4f35f7cbe854078d1ac9338744f61a02 -> 
  custom:container-demuxer-ogg: 62fdf1f143b41e24485cea50d1cbac27 -> 
  custom:video-encoder-webm-vp8: eb34c28f22e8b96e1ab97ce403110664 -> 
  custom:video-decoder-webm-vp8: 9c59270c3fd7afecdb556c50c9e8de78 -> 
  custom:audio-decoder-ogg-vorbis: bf7c407c2cedff20999df2af8eb42d56 -> 
  custom:audio-encoder-webm-vorbis: bf7c407c2cedff20999df2af8eb42d56 -> 
========================================================================
Received Prepare
Registering precompiled user dll's ...
Registered in 0.004386 seconds.
Begin MonoManager ReloadAssembly
Native extension for WindowsStandalone target not found
Native extension for WebGL target not found
Refreshing native plugins compatible for Editor in 0.31 ms, found 2 plugins.
Preloading 0 native plugins for Editor in 0.00 ms.
Mono: successfully reloaded assembly
- Completed reload, in  0.892 seconds
Platform modules already initialized, skipping
Refreshing native plugins compatible for Editor in 0.32 ms, found 2 plugins.
Preloading 0 native plugins for Editor in 0.00 ms.
Unloading 1561 Unused Serialized files (Serialized files now loaded: 0)
System memory in use before: 74.5 MB.
System memory in use after: 74.7 MB.

Unloading 16 unused Assets to reduce memory usage. Loaded Objects now: 2085.
Total: 1.732500 ms (FindLiveObjects: 0.140400 ms CreateObjectMapping: 0.040900 ms MarkObjects: 1.535800 ms  DeleteObjects: 0.014600 ms)

AssetImportParameters requested are different than current active one (requested -> active):
  custom:framework-win-MediaFoundation: 216162199b28c13a410421893ffa2e32 -> 
  custom:video-decoder-ogg-theora: a1e56fd34408186e4bbccfd4996cb3dc -> 
  custom:container-muxer-webm: aa71ff27fc2769a1b78a27578f13a17b -> 
  custom:container-demuxer-webm: 4f35f7cbe854078d1ac9338744f61a02 -> 
  custom:container-demuxer-ogg: 62fdf1f143b41e24485cea50d1cbac27 -> 
  custom:video-encoder-webm-vp8: eb34c28f22e8b96e1ab97ce403110664 -> 
  custom:video-decoder-webm-vp8: 9c59270c3fd7afecdb556c50c9e8de78 -> 
  custom:audio-decoder-ogg-vorbis: bf7c407c2cedff20999df2af8eb42d56 -> 
  custom:audio-encoder-webm-vorbis: bf7c407c2cedff20999df2af8eb42d56 -> 
========================================================================
Received Prepare
Registering precompiled user dll's ...
Registered in 0.007543 seconds.
Begin MonoManager ReloadAssembly
Native extension for WindowsStandalone target not found
Native extension for WebGL target not found
Refreshing native plugins compatible for Editor in 1.16 ms, found 2 plugins.
Preloading 0 native plugins for Editor in 0.00 ms.
Mono: successfully reloaded assembly
- Completed reload, in  1.712 seconds
Platform modules already initialized, skipping
Refreshing native plugins compatible for Editor in 0.56 ms, found 2 plugins.
Preloading 0 native plugins for Editor in 0.00 ms.
Unloading 1561 Unused Serialized files (Serialized files now loaded: 0)
System memory in use before: 74.6 MB.
System memory in use after: 74.7 MB.

Unloading 16 unused Assets to reduce memory usage. Loaded Objects now: 2088.
Total: 3.334900 ms (FindLiveObjects: 0.243500 ms CreateObjectMapping: 0.083500 ms MarkObjects: 2.943600 ms  DeleteObjects: 0.062700 ms)

AssetImportParameters requested are different than current active one (requested -> active):
  custom:framework-win-MediaFoundation: 216162199b28c13a410421893ffa2e32 -> 
  custom:video-decoder-ogg-theora: a1e56fd34408186e4bbccfd4996cb3dc -> 
  custom:container-muxer-webm: aa71ff27fc2769a1b78a27578f13a17b -> 
  custom:container-demuxer-webm: 4f35f7cbe854078d1ac9338744f61a02 -> 
  custom:container-demuxer-ogg: 62fdf1f143b41e24485cea50d1cbac27 -> 
  custom:video-encoder-webm-vp8: eb34c28f22e8b96e1ab97ce403110664 -> 
  custom:video-decoder-webm-vp8: 9c59270c3fd7afecdb556c50c9e8de78 -> 
  custom:audio-decoder-ogg-vorbis: bf7c407c2cedff20999df2af8eb42d56 -> 
  custom:audio-encoder-webm-vorbis: bf7c407c2cedff20999df2af8eb42d56 -> 
========================================================================
Received Prepare
Registering precompiled user dll's ...
Registered in 0.007152 seconds.
Begin MonoManager ReloadAssembly
Native extension for WindowsStandalone target not found
Native extension for WebGL target not found
Refreshing native plugins compatible for Editor in 0.62 ms, found 2 plugins.
Preloading 0 native plugins for Editor in 0.00 ms.
Mono: successfully reloaded assembly
- Completed reload, in  1.722 seconds
Platform modules already initialized, skipping
Refreshing native plugins compatible for Editor in 0.50 ms, found 2 plugins.
Preloading 0 native plugins for Editor in 0.00 ms.
Unloading 1561 Unused Serialized files (Serialized files now loaded: 0)
System memory in use before: 74.6 MB.
System memory in use after: 74.7 MB.

Unloading 16 unused Assets to reduce memory usage. Loaded Objects now: 2091.
Total: 3.178600 ms (FindLiveObjects: 0.301700 ms CreateObjectMapping: 0.116300 ms MarkObjects: 2.735600 ms  DeleteObjects: 0.023600 ms)

AssetImportParameters requested are different than current active one (requested -> active):
  custom:framework-win-MediaFoundation: 216162199b28c13a410421893ffa2e32 -> 
  custom:video-decoder-ogg-theora: a1e56fd34408186e4bbccfd4996cb3dc -> 
  custom:container-muxer-webm: aa71ff27fc2769a1b78a27578f13a17b -> 
  custom:container-demuxer-webm: 4f35f7cbe854078d1ac9338744f61a02 -> 
  custom:container-demuxer-ogg: 62fdf1f143b41e24485cea50d1cbac27 -> 
  custom:video-encoder-webm-vp8: eb34c28f22e8b96e1ab97ce403110664 -> 
  custom:video-decoder-webm-vp8: 9c59270c3fd7afecdb556c50c9e8de78 -> 
  custom:audio-decoder-ogg-vorbis: bf7c407c2cedff20999df2af8eb42d56 -> 
  custom:audio-encoder-webm-vorbis: bf7c407c2cedff20999df2af8eb42d56 -> 
========================================================================
Received Import Request.
  Time since last request: 1887.316991 seconds.
  path: Assets/Scenes/CharacterSelection.unity
  artifactKey: Guid(ebce8fe13b0d8ae4cac03efd1d6738f7) Importer(815301076,1909f56bfc062723c751e8b465ee728b)
Start importing Assets/Scenes/CharacterSelection.unity using Guid(ebce8fe13b0d8ae4cac03efd1d6738f7) Importer(815301076,1909f56bfc062723c751e8b465ee728b)  -> (artifact id: '50b4775bb5fceaad3fef9ebf7a82ea3c') in 0.024262 seconds 
  Import took 0.028928 seconds .

========================================================================
Received Import Request.
  Time since last request: 0.917318 seconds.
  path: Assets/Scenes/GameScene.unity
  artifactKey: Guid(9fc0d4010bbf28b4594072e72b8655ab) Importer(815301076,1909f56bfc062723c751e8b465ee728b)
Start importing Assets/Scenes/GameScene.unity using Guid(9fc0d4010bbf28b4594072e72b8655ab) Importer(815301076,1909f56bfc062723c751e8b465ee728b)  -> (artifact id: '31f4977100588300be2a26f466b1fc0b') in 0.002545 seconds 
  Import took 0.005766 seconds .

========================================================================
Received Prepare
Registering precompiled user dll's ...
Registered in 0.004685 seconds.
Begin MonoManager ReloadAssembly
Native extension for WindowsStandalone target not found
Native extension for WebGL target not found
Refreshing native plugins compatible for Editor in 0.57 ms, found 2 plugins.
Preloading 0 native plugins for Editor in 0.00 ms.
Mono: successfully reloaded assembly
- Completed reload, in  1.121 seconds
Platform modules already initialized, skipping
Refreshing native plugins compatible for Editor in 1.10 ms, found 2 plugins.
Preloading 0 native plugins for Editor in 0.00 ms.
Unloading 1561 Unused Serialized files (Serialized files now loaded: 0)
System memory in use before: 74.6 MB.
System memory in use after: 74.7 MB.

Unloading 16 unused Assets to reduce memory usage. Loaded Objects now: 2094.
Total: 3.012500 ms (FindLiveObjects: 0.220100 ms CreateObjectMapping: 0.065000 ms MarkObjects: 2.668900 ms  DeleteObjects: 0.056900 ms)

AssetImportParameters requested are different than current active one (requested -> active):
  custom:framework-win-MediaFoundation: 216162199b28c13a410421893ffa2e32 -> 
  custom:video-decoder-ogg-theora: a1e56fd34408186e4bbccfd4996cb3dc -> 
  custom:container-muxer-webm: aa71ff27fc2769a1b78a27578f13a17b -> 
  custom:container-demuxer-webm: 4f35f7cbe854078d1ac9338744f61a02 -> 
  custom:container-demuxer-ogg: 62fdf1f143b41e24485cea50d1cbac27 -> 
  custom:video-encoder-webm-vp8: eb34c28f22e8b96e1ab97ce403110664 -> 
  custom:video-decoder-webm-vp8: 9c59270c3fd7afecdb556c50c9e8de78 -> 
  custom:audio-decoder-ogg-vorbis: bf7c407c2cedff20999df2af8eb42d56 -> 
  custom:audio-encoder-webm-vorbis: bf7c407c2cedff20999df2af8eb42d56 -> 
========================================================================
Received Prepare
Registering precompiled user dll's ...
Registered in 0.003744 seconds.
Begin MonoManager ReloadAssembly
Native extension for WindowsStandalone target not found
Native extension for WebGL target not found
Refreshing native plugins compatible for Editor in 0.62 ms, found 2 plugins.
Preloading 0 native plugins for Editor in 0.00 ms.
Mono: successfully reloaded assembly
- Completed reload, in  0.873 seconds
Platform modules already initialized, skipping
Refreshing native plugins compatible for Editor in 0.36 ms, found 2 plugins.
Preloading 0 native plugins for Editor in 0.00 ms.
Unloading 1561 Unused Serialized files (Serialized files now loaded: 0)
System memory in use before: 74.6 MB.
System memory in use after: 74.7 MB.

Unloading 16 unused Assets to reduce memory usage. Loaded Objects now: 2097.
Total: 1.886700 ms (FindLiveObjects: 0.145800 ms CreateObjectMapping: 0.047900 ms MarkObjects: 1.647000 ms  DeleteObjects: 0.045300 ms)

AssetImportParameters requested are different than current active one (requested -> active):
  custom:framework-win-MediaFoundation: 216162199b28c13a410421893ffa2e32 -> 
  custom:video-decoder-ogg-theora: a1e56fd34408186e4bbccfd4996cb3dc -> 
  custom:container-muxer-webm: aa71ff27fc2769a1b78a27578f13a17b -> 
  custom:container-demuxer-webm: 4f35f7cbe854078d1ac9338744f61a02 -> 
  custom:container-demuxer-ogg: 62fdf1f143b41e24485cea50d1cbac27 -> 
  custom:video-encoder-webm-vp8: eb34c28f22e8b96e1ab97ce403110664 -> 
  custom:video-decoder-webm-vp8: 9c59270c3fd7afecdb556c50c9e8de78 -> 
  custom:audio-decoder-ogg-vorbis: bf7c407c2cedff20999df2af8eb42d56 -> 
  custom:audio-encoder-webm-vorbis: bf7c407c2cedff20999df2af8eb42d56 -> 
========================================================================
Received Import Request.
  Time since last request: 258.500242 seconds.
  path: Assets/Scenes/CharacterSelection.unity
  artifactKey: Guid(ebce8fe13b0d8ae4cac03efd1d6738f7) Importer(815301076,1909f56bfc062723c751e8b465ee728b)
Start importing Assets/Scenes/CharacterSelection.unity using Guid(ebce8fe13b0d8ae4cac03efd1d6738f7) Importer(815301076,1909f56bfc062723c751e8b465ee728b)  -> (artifact id: '42a0f509867a0802299282dac275662b') in 0.016382 seconds 
  Import took 0.019823 seconds .

========================================================================
Received Prepare
Registering precompiled user dll's ...
Registered in 0.003789 seconds.
Begin MonoManager ReloadAssembly
Native extension for WindowsStandalone target not found
Native extension for WebGL target not found
Refreshing native plugins compatible for Editor in 0.31 ms, found 2 plugins.
Preloading 0 native plugins for Editor in 0.00 ms.
Mono: successfully reloaded assembly
- Completed reload, in  0.870 seconds
Platform modules already initialized, skipping
Refreshing native plugins compatible for Editor in 0.32 ms, found 2 plugins.
Preloading 0 native plugins for Editor in 0.00 ms.
Unloading 1561 Unused Serialized files (Serialized files now loaded: 0)
System memory in use before: 74.6 MB.
System memory in use after: 74.7 MB.

Unloading 16 unused Assets to reduce memory usage. Loaded Objects now: 2100.
Total: 2.063800 ms (FindLiveObjects: 0.171800 ms CreateObjectMapping: 0.045900 ms MarkObjects: 1.829200 ms  DeleteObjects: 0.016000 ms)

AssetImportParameters requested are different than current active one (requested -> active):
  custom:framework-win-MediaFoundation: 216162199b28c13a410421893ffa2e32 -> 
  custom:video-decoder-ogg-theora: a1e56fd34408186e4bbccfd4996cb3dc -> 
  custom:container-muxer-webm: aa71ff27fc2769a1b78a27578f13a17b -> 
  custom:container-demuxer-webm: 4f35f7cbe854078d1ac9338744f61a02 -> 
  custom:container-demuxer-ogg: 62fdf1f143b41e24485cea50d1cbac27 -> 
  custom:video-encoder-webm-vp8: eb34c28f22e8b96e1ab97ce403110664 -> 
  custom:video-decoder-webm-vp8: 9c59270c3fd7afecdb556c50c9e8de78 -> 
  custom:audio-decoder-ogg-vorbis: bf7c407c2cedff20999df2af8eb42d56 -> 
  custom:audio-encoder-webm-vorbis: bf7c407c2cedff20999df2af8eb42d56 -> 
========================================================================
Received Prepare
Registering precompiled user dll's ...
Registered in 0.004352 seconds.
Begin MonoManager ReloadAssembly
Native extension for WindowsStandalone target not found
Native extension for WebGL target not found
Refreshing native plugins compatible for Editor in 0.33 ms, found 2 plugins.
Preloading 0 native plugins for Editor in 0.00 ms.
Mono: successfully reloaded assembly
- Completed reload, in  0.855 seconds
Platform modules already initialized, skipping
Refreshing native plugins compatible for Editor in 0.32 ms, found 2 plugins.
Preloading 0 native plugins for Editor in 0.00 ms.
Unloading 1561 Unused Serialized files (Serialized files now loaded: 0)
System memory in use before: 74.6 MB.
System memory in use after: 74.7 MB.

Unloading 16 unused Assets to reduce memory usage. Loaded Objects now: 2103.
Total: 1.695500 ms (FindLiveObjects: 0.144300 ms CreateObjectMapping: 0.044800 ms MarkObjects: 1.490200 ms  DeleteObjects: 0.015300 ms)

AssetImportParameters requested are different than current active one (requested -> active):
  custom:framework-win-MediaFoundation: 216162199b28c13a410421893ffa2e32 -> 
  custom:video-decoder-ogg-theora: a1e56fd34408186e4bbccfd4996cb3dc -> 
  custom:container-muxer-webm: aa71ff27fc2769a1b78a27578f13a17b -> 
  custom:container-demuxer-webm: 4f35f7cbe854078d1ac9338744f61a02 -> 
  custom:container-demuxer-ogg: 62fdf1f143b41e24485cea50d1cbac27 -> 
  custom:video-encoder-webm-vp8: eb34c28f22e8b96e1ab97ce403110664 -> 
  custom:video-decoder-webm-vp8: 9c59270c3fd7afecdb556c50c9e8de78 -> 
  custom:audio-decoder-ogg-vorbis: bf7c407c2cedff20999df2af8eb42d56 -> 
  custom:audio-encoder-webm-vorbis: bf7c407c2cedff20999df2af8eb42d56 -> 
========================================================================
Received Prepare
Registering precompiled user dll's ...
Registered in 0.005130 seconds.
Begin MonoManager ReloadAssembly
Native extension for WindowsStandalone target not found
Native extension for WebGL target not found
Refreshing native plugins compatible for Editor in 0.34 ms, found 2 plugins.
Preloading 0 native plugins for Editor in 0.00 ms.
Mono: successfully reloaded assembly
- Completed reload, in  0.875 seconds
Platform modules already initialized, skipping
Refreshing native plugins compatible for Editor in 0.34 ms, found 2 plugins.
Preloading 0 native plugins for Editor in 0.00 ms.
Unloading 1561 Unused Serialized files (Serialized files now loaded: 0)
System memory in use before: 74.6 MB.
System memory in use after: 74.7 MB.

Unloading 16 unused Assets to reduce memory usage. Loaded Objects now: 2106.
Total: 2.041400 ms (FindLiveObjects: 0.182600 ms CreateObjectMapping: 0.044300 ms MarkObjects: 1.796700 ms  DeleteObjects: 0.016900 ms)

AssetImportParameters requested are different than current active one (requested -> active):
  custom:framework-win-MediaFoundation: 216162199b28c13a410421893ffa2e32 -> 
  custom:video-decoder-ogg-theora: a1e56fd34408186e4bbccfd4996cb3dc -> 
  custom:container-muxer-webm: aa71ff27fc2769a1b78a27578f13a17b -> 
  custom:container-demuxer-webm: 4f35f7cbe854078d1ac9338744f61a02 -> 
  custom:container-demuxer-ogg: 62fdf1f143b41e24485cea50d1cbac27 -> 
  custom:video-encoder-webm-vp8: eb34c28f22e8b96e1ab97ce403110664 -> 
  custom:video-decoder-webm-vp8: 9c59270c3fd7afecdb556c50c9e8de78 -> 
  custom:audio-decoder-ogg-vorbis: bf7c407c2cedff20999df2af8eb42d56 -> 
  custom:audio-encoder-webm-vorbis: bf7c407c2cedff20999df2af8eb42d56 -> 
========================================================================
Received Prepare
Registering precompiled user dll's ...
Registered in 0.009104 seconds.
Begin MonoManager ReloadAssembly
Native extension for WindowsStandalone target not found
Native extension for WebGL target not found
Refreshing native plugins compatible for Editor in 1.77 ms, found 2 plugins.
Preloading 0 native plugins for Editor in 0.00 ms.
Mono: successfully reloaded assembly
- Completed reload, in  2.441 seconds
Platform modules already initialized, skipping
Refreshing native plugins compatible for Editor in 0.80 ms, found 2 plugins.
Preloading 0 native plugins for Editor in 0.00 ms.
Unloading 1561 Unused Serialized files (Serialized files now loaded: 0)
System memory in use before: 74.6 MB.
System memory in use after: 74.7 MB.

Unloading 16 unused Assets to reduce memory usage. Loaded Objects now: 2109.
Total: 5.295600 ms (FindLiveObjects: 0.209800 ms CreateObjectMapping: 0.073300 ms MarkObjects: 4.968800 ms  DeleteObjects: 0.040900 ms)

AssetImportParameters requested are different than current active one (requested -> active):
  custom:framework-win-MediaFoundation: 216162199b28c13a410421893ffa2e32 -> 
  custom:video-decoder-ogg-theora: a1e56fd34408186e4bbccfd4996cb3dc -> 
  custom:container-muxer-webm: aa71ff27fc2769a1b78a27578f13a17b -> 
  custom:container-demuxer-webm: 4f35f7cbe854078d1ac9338744f61a02 -> 
  custom:container-demuxer-ogg: 62fdf1f143b41e24485cea50d1cbac27 -> 
  custom:video-encoder-webm-vp8: eb34c28f22e8b96e1ab97ce403110664 -> 
  custom:video-decoder-webm-vp8: 9c59270c3fd7afecdb556c50c9e8de78 -> 
  custom:audio-decoder-ogg-vorbis: bf7c407c2cedff20999df2af8eb42d56 -> 
  custom:audio-encoder-webm-vorbis: bf7c407c2cedff20999df2af8eb42d56 -> 
========================================================================
Received Prepare
Registering precompiled user dll's ...
Registered in 0.003796 seconds.
Begin MonoManager ReloadAssembly
Native extension for WindowsStandalone target not found
Native extension for WebGL target not found
Refreshing native plugins compatible for Editor in 0.31 ms, found 2 plugins.
Preloading 0 native plugins for Editor in 0.00 ms.
Mono: successfully reloaded assembly
- Completed reload, in  0.950 seconds
Platform modules already initialized, skipping
Refreshing native plugins compatible for Editor in 0.35 ms, found 2 plugins.
Preloading 0 native plugins for Editor in 0.00 ms.
Unloading 1561 Unused Serialized files (Serialized files now loaded: 0)
System memory in use before: 74.6 MB.
System memory in use after: 74.7 MB.

Unloading 16 unused Assets to reduce memory usage. Loaded Objects now: 2112.
Total: 1.998600 ms (FindLiveObjects: 0.198900 ms CreateObjectMapping: 0.046000 ms MarkObjects: 1.738600 ms  DeleteObjects: 0.014400 ms)

AssetImportParameters requested are different than current active one (requested -> active):
  custom:framework-win-MediaFoundation: 216162199b28c13a410421893ffa2e32 -> 
  custom:video-decoder-ogg-theora: a1e56fd34408186e4bbccfd4996cb3dc -> 
  custom:container-muxer-webm: aa71ff27fc2769a1b78a27578f13a17b -> 
  custom:container-demuxer-webm: 4f35f7cbe854078d1ac9338744f61a02 -> 
  custom:container-demuxer-ogg: 62fdf1f143b41e24485cea50d1cbac27 -> 
  custom:video-encoder-webm-vp8: eb34c28f22e8b96e1ab97ce403110664 -> 
  custom:video-decoder-webm-vp8: 9c59270c3fd7afecdb556c50c9e8de78 -> 
  custom:audio-decoder-ogg-vorbis: bf7c407c2cedff20999df2af8eb42d56 -> 
  custom:audio-encoder-webm-vorbis: bf7c407c2cedff20999df2af8eb42d56 -> 
========================================================================
Received Prepare
Registering precompiled user dll's ...
Registered in 0.005910 seconds.
Begin MonoManager ReloadAssembly
Native extension for WindowsStandalone target not found
Native extension for WebGL target not found
Refreshing native plugins compatible for Editor in 0.46 ms, found 2 plugins.
Preloading 0 native plugins for Editor in 0.00 ms.
Mono: successfully reloaded assembly
- Completed reload, in  1.478 seconds
Platform modules already initialized, skipping
Refreshing native plugins compatible for Editor in 0.80 ms, found 2 plugins.
Preloading 0 native plugins for Editor in 0.00 ms.
Unloading 1561 Unused Serialized files (Serialized files now loaded: 0)
System memory in use before: 74.6 MB.
System memory in use after: 74.7 MB.

Unloading 16 unused Assets to reduce memory usage. Loaded Objects now: 2115.
Total: 3.024000 ms (FindLiveObjects: 0.200000 ms CreateObjectMapping: 0.069400 ms MarkObjects: 2.671600 ms  DeleteObjects: 0.081500 ms)

AssetImportParameters requested are different than current active one (requested -> active):
  custom:framework-win-MediaFoundation: 216162199b28c13a410421893ffa2e32 -> 
  custom:video-decoder-ogg-theora: a1e56fd34408186e4bbccfd4996cb3dc -> 
  custom:container-muxer-webm: aa71ff27fc2769a1b78a27578f13a17b -> 
  custom:container-demuxer-webm: 4f35f7cbe854078d1ac9338744f61a02 -> 
  custom:container-demuxer-ogg: 62fdf1f143b41e24485cea50d1cbac27 -> 
  custom:video-encoder-webm-vp8: eb34c28f22e8b96e1ab97ce403110664 -> 
  custom:video-decoder-webm-vp8: 9c59270c3fd7afecdb556c50c9e8de78 -> 
  custom:audio-decoder-ogg-vorbis: bf7c407c2cedff20999df2af8eb42d56 -> 
  custom:audio-encoder-webm-vorbis: bf7c407c2cedff20999df2af8eb42d56 -> 
========================================================================
Received Prepare
Registering precompiled user dll's ...
Registered in 0.006213 seconds.
Begin MonoManager ReloadAssembly
Native extension for WindowsStandalone target not found
Native extension for WebGL target not found
Refreshing native plugins compatible for Editor in 0.57 ms, found 2 plugins.
Preloading 0 native plugins for Editor in 0.00 ms.
Mono: successfully reloaded assembly
- Completed reload, in  1.502 seconds
Platform modules already initialized, skipping
Refreshing native plugins compatible for Editor in 0.47 ms, found 2 plugins.
Preloading 0 native plugins for Editor in 0.00 ms.
Unloading 1561 Unused Serialized files (Serialized files now loaded: 0)
System memory in use before: 74.6 MB.
System memory in use after: 74.7 MB.

Unloading 16 unused Assets to reduce memory usage. Loaded Objects now: 2118.
Total: 5.086100 ms (FindLiveObjects: 0.716300 ms CreateObjectMapping: 0.111300 ms MarkObjects: 4.214500 ms  DeleteObjects: 0.038800 ms)

AssetImportParameters requested are different than current active one (requested -> active):
  custom:framework-win-MediaFoundation: 216162199b28c13a410421893ffa2e32 -> 
  custom:video-decoder-ogg-theora: a1e56fd34408186e4bbccfd4996cb3dc -> 
  custom:container-muxer-webm: aa71ff27fc2769a1b78a27578f13a17b -> 
  custom:container-demuxer-webm: 4f35f7cbe854078d1ac9338744f61a02 -> 
  custom:container-demuxer-ogg: 62fdf1f143b41e24485cea50d1cbac27 -> 
  custom:video-encoder-webm-vp8: eb34c28f22e8b96e1ab97ce403110664 -> 
  custom:video-decoder-webm-vp8: 9c59270c3fd7afecdb556c50c9e8de78 -> 
  custom:audio-decoder-ogg-vorbis: bf7c407c2cedff20999df2af8eb42d56 -> 
  custom:audio-encoder-webm-vorbis: bf7c407c2cedff20999df2af8eb42d56 -> 
AssetImportWorkerClient::OnTransportError - code=2 error=End of file
